0 info it worked if it ends with ok
1 verbose cli [ 'C:\\Program Files\\nodejs\\node.exe',
1 verbose cli   'C:\\Program Files\\nodejs\\node_modules\\npm\\bin\\npm-cli.js',
1 verbose cli   'publish' ]
2 info using npm@3.10.10
3 info using node@v6.10.0
4 verbose publish [ '.' ]
5 silly cache add args [ '.', null ]
6 verbose cache add spec .
7 silly cache add parsed spec Result {
7 silly cache add   raw: '.',
7 silly cache add   scope: null,
7 silly cache add   escapedName: null,
7 silly cache add   name: null,
7 silly cache add   rawSpec: '.',
7 silly cache add   spec: 'D:\\Data\\Repositories\\service-path',
7 silly cache add   type: 'directory' }
8 verbose addLocalDirectory C:\Users\jcoppieters\AppData\Roaming\npm-cache\service-path\0.1.5\package.tgz not in flight; packing
9 verbose correctMkdir C:\Users\jcoppieters\AppData\Roaming\npm-cache correctMkdir not in flight; initializing
10 info lifecycle service-path@0.1.5~prepublish: service-path@0.1.5
11 silly lifecycle service-path@0.1.5~prepublish: no script for prepublish, continuing
12 verbose tar pack [ 'C:\\Users\\jcoppieters\\AppData\\Roaming\\npm-cache\\service-path\\0.1.5\\package.tgz',
12 verbose tar pack   'D:\\Data\\Repositories\\service-path' ]
13 verbose tarball C:\Users\jcoppieters\AppData\Roaming\npm-cache\service-path\0.1.5\package.tgz
14 verbose folder D:\Data\Repositories\service-path
15 verbose addLocalTarball adding from inside cache C:\Users\jcoppieters\AppData\Roaming\npm-cache\service-path\0.1.5\package.tgz
16 verbose correctMkdir C:\Users\jcoppieters\AppData\Roaming\npm-cache correctMkdir not in flight; initializing
17 silly cache afterAdd service-path@0.1.5
18 verbose afterAdd C:\Users\jcoppieters\AppData\Roaming\npm-cache\service-path\0.1.5\package\package.json not in flight; writing
19 verbose correctMkdir C:\Users\jcoppieters\AppData\Roaming\npm-cache correctMkdir not in flight; initializing
20 verbose afterAdd C:\Users\jcoppieters\AppData\Roaming\npm-cache\service-path\0.1.5\package\package.json written
21 silly publish { name: 'service-path',
21 silly publish   version: '0.1.5',
21 silly publish   description: 'A library for traversing optimal service paths in a service registry',
21 silly publish   main: 'index.js',
21 silly publish   scripts: { test: 'node test --keywords="Red sweater"' },
21 silly publish   repository:
21 silly publish    { type: 'git',
21 silly publish      url: 'git+https://github.com/JorisCoppieters/service-path.git' },
21 silly publish   author: { name: 'Joris Coppieters' },
21 silly publish   license: 'ISC',
21 silly publish   bugs: { url: 'https://github.com/JorisCoppieters/service-path/issues' },
21 silly publish   homepage: 'https://github.com/JorisCoppieters/service-path#readme',
21 silly publish   dependencies:
21 silly publish    { bluebird: '^3.5.0',
21 silly publish      clone: '^2.1.0',
21 silly publish      'color-print': '^1.0.2',
21 silly publish      minimist: '^1.2.0',
21 silly publish      qs: '^6.3.1',
21 silly publish      request: '^2.80.0' },
21 silly publish   readme: '# service-path\n\nservice-path is a Node utility for traversing optimal service paths in a service registry\n\n### Installation\n\nservice-path requires [Node.js](https://nodejs.org/) v4+ to run.\n\nThen:\n\n```sh\n$ npm install --save-dev service-path\n```\n',
21 silly publish   readmeFilename: 'README.md',
21 silly publish   gitHead: 'a6a285bd4f89f3b58d03766381ef707b2189e307',
21 silly publish   _id: 'service-path@0.1.5',
21 silly publish   _shasum: 'ef04ee597ab31e7fa5bec10d85f293ceacdd46a2',
21 silly publish   _from: '.' }
22 verbose getPublishConfig undefined
23 silly mapToRegistry name service-path
24 silly mapToRegistry using default registry
25 silly mapToRegistry registry https://registry.npmjs.org/
26 silly mapToRegistry data Result {
26 silly mapToRegistry   raw: 'service-path',
26 silly mapToRegistry   scope: null,
26 silly mapToRegistry   escapedName: 'service-path',
26 silly mapToRegistry   name: 'service-path',
26 silly mapToRegistry   rawSpec: '',
26 silly mapToRegistry   spec: 'latest',
26 silly mapToRegistry   type: 'tag' }
27 silly mapToRegistry uri https://registry.npmjs.org/service-path
28 verbose publish registryBase https://registry.npmjs.org/
29 silly publish uploading C:\Users\jcoppieters\AppData\Roaming\npm-cache\service-path\0.1.5\package.tgz
30 verbose request uri https://registry.npmjs.org/service-path
31 verbose request sending authorization for write operation
32 info attempt registry request try #1 at 11:51:48 AM
33 verbose request using bearer token for auth
34 verbose request id 565435cb54f4f83b
35 http request PUT https://registry.npmjs.org/service-path
36 http 403 https://registry.npmjs.org/service-path
37 verbose headers { 'content-type': 'application/json',
37 verbose headers   'cache-control': 'max-age=300',
37 verbose headers   'content-length': '106',
37 verbose headers   'accept-ranges': 'bytes',
37 verbose headers   date: 'Sun, 30 Apr 2017 23:51:49 GMT',
37 verbose headers   via: '1.1 varnish',
37 verbose headers   connection: 'keep-alive',
37 verbose headers   'x-served-by': 'cache-akl1422-AKL',
37 verbose headers   'x-cache': 'MISS',
37 verbose headers   'x-cache-hits': '0',
37 verbose headers   'x-timer': 'S1493596309.995155,VS0,VE728',
37 verbose headers   vary: 'Accept-Encoding' }
38 verbose request invalidating C:\Users\jcoppieters\AppData\Roaming\npm-cache\registry.npmjs.org\service-path on PUT
39 error publish Failed PUT 403
40 verbose stack Error: you do not have permission to publish "service-path". Are you logged in as the correct user? : service-path
40 verbose stack     at makeError (C:\Program Files\nodejs\node_modules\npm\node_modules\npm-registry-client\lib\request.js:302:12)
40 verbose stack     at CachingRegistryClient.<anonymous> (C:\Program Files\nodejs\node_modules\npm\node_modules\npm-registry-client\lib\request.js:290:14)
40 verbose stack     at Request._callback (C:\Program Files\nodejs\node_modules\npm\node_modules\npm-registry-client\lib\request.js:210:14)
40 verbose stack     at Request.self.callback (C:\Program Files\nodejs\node_modules\npm\node_modules\request\request.js:187:22)
40 verbose stack     at emitTwo (events.js:106:13)
40 verbose stack     at Request.emit (events.js:191:7)
40 verbose stack     at Request.<anonymous> (C:\Program Files\nodejs\node_modules\npm\node_modules\request\request.js:1048:10)
40 verbose stack     at emitOne (events.js:96:13)
40 verbose stack     at Request.emit (events.js:188:7)
40 verbose stack     at IncomingMessage.<anonymous> (C:\Program Files\nodejs\node_modules\npm\node_modules\request\request.js:969:12)
41 verbose statusCode 403
42 verbose pkgid service-path
43 verbose cwd D:\Data\Repositories\service-path
44 error Windows_NT 10.0.10586
45 error argv "C:\\Program Files\\nodejs\\node.exe" "C:\\Program Files\\nodejs\\node_modules\\npm\\bin\\npm-cli.js" "publish"
46 error node v6.10.0
47 error npm  v3.10.10
48 error code E403
49 error you do not have permission to publish "service-path". Are you logged in as the correct user? : service-path
50 error If you need help, you may report this error at:
50 error     <https://github.com/npm/npm/issues>
51 verbose exit [ 1, true ]
